<?xml version="1.0" encoding="UTF-8"?>
<!-- Generated by org.testng.reporters.JUnitReportReporter -->
<testsuite hostname="WL313736" name="pckgSeleniumFramework.Parallel" tests="2" failures="0" timestamp="8 Apr 2017 05:17:37 GMT" time="31.417" errors="0">
  <testcase name="f" time="30.222" classname="pckgSeleniumFramework.Parallel"/>
  <testcase name="f" time="1.195" classname="pckgSeleniumFramework.Parallel"/>
</testsuite> <!-- pckgSeleniumFramework.Parallel -->
