<?xml version="1.0" encoding="UTF-8"?>
<!-- Generated by org.testng.reporters.JUnitReportReporter -->
<testsuite hostname="WL313736" name="pckgSeleniumFramework.ParallelTestNG" tests="1" failures="0" timestamp="8 Apr 2017 05:17:37 GMT" time="32.751" errors="0">
  <testcase name="f" time="32.751" classname="pckgSeleniumFramework.ParallelTestNG"/>
</testsuite> <!-- pckgSeleniumFramework.ParallelTestNG -->
